TN:
SF:src\App.tsx
FN:19,App
FN:26,loadUser
FNF:2
FNH:2
FNDA:4,App
FNDA:2,loadUser
DA:1,1
DA:2,1
DA:3,1
DA:4,1
DA:5,1
DA:7,1
DA:8,1
DA:9,1
DA:10,1
DA:11,1
DA:13,1
DA:14,1
DA:15,1
DA:16,1
DA:17,1
DA:19,4
DA:20,4
DA:21,4
DA:22,4
DA:23,4
DA:25,4
DA:26,2
DA:27,2
DA:28,2
DA:29,2
DA:31,2
DA:32,2
DA:33,2
DA:34,2
DA:35,2
DA:36,0
DA:37,0
DA:38,2
DA:39,0
DA:40,0
DA:41,2
DA:42,2
DA:43,2
DA:44,2
DA:46,2
DA:47,4
DA:49,4
DA:50,3
DA:51,1
DA:52,1
DA:54,2
DA:55,0
DA:56,0
DA:57,0
DA:58,0
DA:59,0
DA:60,0
DA:61,0
DA:62,0
DA:63,0
DA:65,0
DA:66,0
DA:67,2
DA:69,2
DA:70,2
DA:71,2
DA:72,4
DA:74,4
DA:75,4
DA:76,4
DA:77,4
DA:78,4
DA:79,4
DA:80,4
DA:82,4
DA:83,2
DA:84,2
DA:85,0
DA:86,2
DA:87,2
DA:89,0
DA:91,4
DA:93,4
DA:95,1
LF:79
LH:62
BRDA:19,0,0,4
BRDA:76,1,0,0
BRDA:77,2,0,0
BRDA:82,3,0,2
BRDA:83,4,0,2
BRDA:84,5,0,0
BRDA:87,6,0,0
BRDA:25,7,0,2
BRDA:26,8,0,2
BRDA:35,9,0,0
BRDA:38,10,0,0
BRDA:49,11,0,3
BRDA:50,12,0,1
BRDA:52,13,0,2
BRDA:69,14,0,2
BRF:15
BRH:9
end_of_record
TN:
SF:src\main.tsx
FN:1,(empty-report)
FNF:1
FNH:0
FNDA:0,(empty-report)
DA:1,0
DA:2,0
DA:3,0
DA:4,0
DA:5,0
DA:7,0
DA:9,0
DA:10,0
DA:11,0
DA:12,0
DA:13,0
DA:14,0
DA:15,0
LF:13
LH:0
BRDA:1,0,0,0
BRF:1
BRH:0
end_of_record
TN:
SF:src\api\authApi.ts
FN:1,(empty-report)
FNF:1
FNH:0
FNDA:0,(empty-report)
DA:1,0
DA:9,0
DA:10,0
DA:11,0
DA:12,0
DA:14,0
DA:15,0
DA:16,0
DA:18,0
DA:19,0
DA:20,0
DA:22,0
DA:23,0
LF:13
LH:0
BRDA:1,0,0,0
BRF:1
BRH:0
end_of_record
TN:
SF:src\api\bffApi.ts
FN:15,fetchCurrentUser
FN:46,login
FN:50,logout
FN:54,fetchBackendReady
FNF:4
FNH:1
FNDA:0,fetchCurrentUser
FNDA:0,login
FNDA:0,logout
FNDA:2,fetchBackendReady
DA:1,1
DA:15,0
DA:16,0
DA:17,0
DA:18,0
DA:20,0
DA:21,0
DA:22,0
DA:24,0
DA:25,0
DA:26,0
DA:28,0
DA:30,0
DA:31,0
DA:32,0
DA:33,0
DA:34,0
DA:35,0
DA:36,0
DA:37,0
DA:38,0
DA:40,0
DA:41,0
DA:43,0
DA:44,0
DA:46,1
DA:47,0
DA:48,0
DA:50,1
DA:51,0
DA:52,0
DA:54,2
DA:55,2
DA:56,2
DA:57,2
DA:58,2
DA:60,2
DA:61,0
DA:62,0
DA:63,0
DA:64,0
DA:65,0
DA:66,0
DA:68,1
DA:70,1
DA:71,1
DA:72,1
DA:73,1
DA:74,1
DA:75,1
DA:76,1
DA:77,1
DA:78,1
DA:79,1
DA:80,1
DA:81,1
DA:82,2
LF:57
LH:23
BRDA:54,0,0,2
BRDA:58,1,0,1
BRDA:60,2,0,0
BRDA:66,3,0,1
BRF:4
BRH:3
end_of_record
TN:
SF:src\api\dashboardApi.ts
FN:12,fetchDashboardData
FNF:1
FNH:0
FNDA:0,fetchDashboardData
DA:1,1
DA:12,0
DA:13,0
DA:14,0
DA:15,0
DA:17,0
DA:18,0
DA:19,0
DA:21,0
DA:22,0
DA:23,0
DA:25,0
DA:26,0
LF:13
LH:1
BRF:0
BRH:0
end_of_record
TN:
SF:src\api\inverterApi.ts
FN:1,(empty-report)
FNF:1
FNH:0
FNDA:0,(empty-report)
DA:1,0
DA:3,0
DA:4,0
DA:6,0
DA:7,0
DA:8,0
DA:10,0
DA:11,0
LF:8
LH:0
BRDA:1,0,0,0
BRF:1
BRH:0
end_of_record
TN:
SF:src\components\AnonymousHome.tsx
FN:7,AnonymousHome
FNF:1
FNH:1
FNDA:4,AnonymousHome
DA:7,4
DA:8,4
DA:10,4
DA:11,4
DA:12,4
DA:13,4
DA:14,4
DA:16,4
LF:8
LH:8
BRDA:7,0,0,4
BRF:1
BRH:1
end_of_record
TN:
SF:src\components\AppLayout.tsx
FN:14,AppLayout
FNF:1
FNH:1
FNDA:4,AppLayout
DA:2,1
DA:3,1
DA:14,4
DA:15,4
DA:16,4
DA:17,4
DA:18,4
DA:19,4
DA:20,4
DA:21,4
DA:22,4
DA:23,4
DA:24,4
DA:25,4
DA:26,4
DA:27,4
DA:28,4
DA:29,4
DA:31,4
DA:32,4
DA:33,4
DA:34,4
DA:35,4
DA:36,4
DA:37,4
DA:39,4
DA:41,4
DA:42,4
DA:44,4
LF:29
LH:29
BRDA:14,0,0,4
BRF:1
BRH:1
end_of_record
TN:
SF:src\components\DashboardContent.tsx
FN:1,(empty-report)
FNF:1
FNH:1
FNDA:1,(empty-report)
DA:8,0
DA:9,0
DA:10,0
DA:11,0
DA:12,0
DA:13,0
DA:14,0
DA:15,0
DA:16,0
DA:18,0
DA:19,0
DA:20,0
DA:21,0
DA:22,0
DA:23,0
DA:25,0
DA:26,0
DA:27,0
DA:28,0
DA:30,0
DA:31,0
DA:32,0
DA:33,0
DA:35,0
DA:36,0
DA:37,0
DA:38,0
DA:40,0
DA:41,0
DA:42,0
DA:43,0
DA:44,0
DA:45,0
DA:46,0
DA:47,0
DA:49,0
DA:51,0
DA:52,0
DA:53,0
DA:54,0
DA:55,0
DA:56,0
DA:57,0
DA:59,0
DA:60,0
DA:61,0
DA:62,0
DA:63,0
DA:65,0
DA:66,0
DA:67,0
DA:68,0
LF:52
LH:0
BRDA:1,0,0,1
BRF:1
BRH:1
end_of_record
TN:
SF:src\components\Footer.tsx
FN:1,Footer
FNF:1
FNH:1
FNDA:4,Footer
DA:1,4
DA:2,4
DA:3,4
DA:4,4
DA:5,4
DA:6,4
DA:7,4
DA:8,4
DA:9,4
DA:10,4
DA:11,4
DA:13,4
DA:15,4
LF:13
LH:13
BRDA:1,0,0,4
BRF:1
BRH:1
end_of_record
TN:
SF:src\components\Header.tsx
FN:9,Header
FNF:1
FNH:1
FNDA:4,Header
DA:9,4
DA:10,4
DA:11,4
DA:12,4
DA:13,4
DA:14,4
DA:15,4
DA:16,4
DA:17,4
DA:18,4
DA:19,4
DA:20,4
DA:21,4
DA:22,4
DA:23,4
DA:24,4
DA:25,4
DA:26,4
DA:28,4
DA:29,4
DA:30,4
DA:31,4
DA:32,4
DA:33,4
DA:34,4
DA:35,4
DA:36,4
DA:37,4
DA:38,4
DA:39,4
DA:40,4
DA:42,4
DA:44,4
DA:45,4
DA:46,4
DA:48,4
DA:49,4
DA:50,4
DA:52,4
DA:53,4
DA:54,0
DA:55,0
DA:56,0
DA:57,0
DA:58,0
DA:59,0
DA:60,0
DA:62,0
DA:63,0
DA:64,0
DA:65,0
DA:66,0
DA:67,0
DA:68,0
DA:69,0
DA:70,0
DA:71,0
DA:73,0
DA:74,0
DA:76,4
DA:77,4
DA:78,4
DA:79,4
DA:80,4
DA:81,4
DA:82,4
DA:83,4
DA:84,4
DA:85,4
DA:86,4
DA:88,4
DA:90,4
DA:91,4
DA:93,4
LF:74
LH:55
BRDA:9,0,0,4
BRDA:53,1,0,0
BRF:2
BRH:1
end_of_record
TN:
SF:src\config\appConfig.ts
FN:3,trimTrailingSlash
FN:7,resolveFrontendBaseUrl
FN:30,combine
FN:59,buildLoginUrl
FNF:4
FNH:4
FNDA:4,trimTrailingSlash
FNDA:2,resolveFrontendBaseUrl
FNDA:12,combine
FNDA:1,buildLoginUrl
DA:1,1
DA:3,4
DA:4,4
DA:5,4
DA:7,2
DA:8,2
DA:9,2
DA:10,0
DA:11,0
DA:13,2
DA:14,2
DA:15,2
DA:17,0
DA:18,0
DA:20,1
DA:21,1
DA:23,1
DA:24,1
DA:25,1
DA:26,1
DA:27,1
DA:28,1
DA:30,12
DA:31,12
DA:32,0
DA:33,0
DA:35,12
DA:36,12
DA:38,1
DA:39,1
DA:40,1
DA:41,1
DA:42,1
DA:43,1
DA:44,1
DA:45,1
DA:46,1
DA:47,1
DA:48,1
DA:49,1
DA:50,1
DA:51,1
DA:52,1
DA:53,1
DA:54,1
DA:55,1
DA:56,1
DA:57,1
DA:59,1
DA:60,1
DA:61,1
DA:62,1
DA:63,1
LF:53
LH:47
BRDA:3,0,0,4
BRDA:4,1,0,0
BRDA:7,2,0,2
BRDA:9,3,0,0
BRDA:9,4,0,0
BRDA:15,5,0,0
BRDA:30,6,0,12
BRDA:31,7,0,0
BRDA:35,8,0,0
BRDA:59,9,0,1
BRF:10
BRH:4
end_of_record
TN:
SF:src\pages\DashboardPage.tsx
FN:1,(empty-report)
FNF:1
FNH:0
FNDA:0,(empty-report)
DA:1,0
DA:2,0
DA:5,0
DA:6,0
DA:7,0
DA:8,0
DA:10,0
DA:11,0
DA:13,0
DA:14,0
DA:15,0
DA:16,0
DA:18,0
DA:20,0
DA:21,0
DA:22,0
DA:23,0
DA:24,0
DA:25,0
DA:26,0
DA:27,0
DA:28,0
DA:29,0
DA:30,0
DA:31,0
DA:32,0
DA:34,0
DA:36,0
DA:37,0
DA:38,0
DA:39,0
DA:41,0
DA:42,0
DA:43,0
DA:45,0
DA:46,0
DA:47,0
DA:49,0
DA:50,0
DA:51,0
DA:53,0
DA:54,0
DA:56,0
DA:57,0
DA:58,0
DA:59,0
DA:60,0
DA:62,0
DA:63,0
DA:64,0
DA:65,0
DA:67,0
DA:68,0
DA:69,0
DA:70,0
DA:72,0
DA:73,0
DA:74,0
DA:75,0
DA:76,0
DA:77,0
DA:79,0
LF:62
LH:0
BRDA:1,0,0,0
BRF:1
BRH:0
end_of_record
TN:
SF:src\pages\DashboardPageQuery.tsx
FN:8,DashboardPageQuery
FNF:1
FNH:0
FNDA:0,DashboardPageQuery
DA:1,1
DA:2,1
DA:8,0
DA:9,0
DA:10,0
DA:11,0
DA:12,0
DA:13,0
DA:15,0
DA:16,0
DA:17,0
DA:19,0
DA:20,0
DA:21,0
DA:22,0
DA:23,0
DA:24,0
DA:26,0
DA:28,0
DA:30,0
DA:32,0
DA:33,0
DA:34,0
DA:36,0
DA:37,0
DA:38,0
DA:40,0
DA:41,0
DA:42,0
DA:43,0
DA:44,0
DA:46,0
DA:47,0
DA:48,0
DA:49,0
DA:51,0
DA:52,0
DA:53,0
DA:54,0
DA:56,0
DA:57,0
DA:58,0
DA:59,0
DA:60,0
DA:62,0
DA:63,0
DA:64,0
DA:65,0
DA:67,0
DA:69,0
DA:71,1
DA:72,1
DA:73,1
DA:74,1
DA:75,1
DA:76,1
LF:56
LH:8
BRF:0
BRH:0
end_of_record
TN:
SF:src\pages\TestPage.tsx
FN:1,(empty-report)
FNF:1
FNH:0
FNDA:0,(empty-report)
DA:1,0
DA:2,0
DA:6,0
DA:7,0
DA:8,0
DA:9,0
DA:12,0
DA:13,0
DA:14,0
DA:15,0
DA:16,0
DA:17,0
DA:18,0
DA:19,0
DA:20,0
DA:21,0
DA:22,0
DA:23,0
DA:24,0
DA:25,0
DA:26,0
DA:27,0
DA:28,0
DA:29,0
DA:30,0
DA:31,0
DA:32,0
DA:34,0
DA:35,0
DA:36,0
DA:37,0
DA:39,0
DA:40,0
DA:41,0
DA:42,0
DA:43,0
DA:44,0
DA:46,0
DA:47,0
DA:48,0
DA:49,0
DA:51,0
LF:42
LH:0
BRDA:1,0,0,0
BRF:1
BRH:0
end_of_record
TN:
SF:src\types\inverter.ts
FN:1,(empty-report)
FNF:1
FNH:1
FNDA:1,(empty-report)
LF:0
LH:0
BRDA:1,0,0,1
BRF:1
BRH:1
end_of_record
